dataeng-airflow-scheduler
*** Found local files:
***   * /opt/airflow/logs/dag_id=spark_telco_churn_analysis_dag/run_id=manual__2024-10-10T09:27:26.955927+00:00/task_id=spark_telco_churn_task/attempt=1.log
[2024-10-10T09:27:54.880+0000] {taskinstance.py:1979} INFO - Dependencies all met for dep_context=non-requeueable deps ti=<TaskInstance: spark_telco_churn_analysis_dag.spark_telco_churn_task manual__2024-10-10T09:27:26.955927+00:00 [queued]>
[2024-10-10T09:27:54.998+0000] {taskinstance.py:1979} INFO - Dependencies all met for dep_context=requeueable deps ti=<TaskInstance: spark_telco_churn_analysis_dag.spark_telco_churn_task manual__2024-10-10T09:27:26.955927+00:00 [queued]>
[2024-10-10T09:27:55.013+0000] {taskinstance.py:2193} INFO - Starting attempt 1 of 1
[2024-10-10T09:27:55.256+0000] {taskinstance.py:2214} INFO - Executing <Task(SparkSubmitOperator): spark_telco_churn_task> on 2024-10-10 09:27:26.955927+00:00
[2024-10-10T09:27:55.363+0000] {standard_task_runner.py:60} INFO - Started process 1711 to run task
[2024-10-10T09:27:55.562+0000] {standard_task_runner.py:87} INFO - Running: ['airflow', 'tasks', 'run', 'spark_telco_churn_analysis_dag', 'spark_telco_churn_task', 'manual__2024-10-10T09:27:26.955927+00:00', '--job-id', '17', '--raw', '--subdir', 'DAGS_FOLDER/spark_telco_churn_analysis_dag.py', '--cfg-path', '/tmp/tmppn1x53n9']
[2024-10-10T09:27:55.999+0000] {standard_task_runner.py:88} INFO - Job 17: Subtask spark_telco_churn_task
[2024-10-10T09:27:57.805+0000] {logging_mixin.py:188} WARNING - /home/airflow/.local/lib/python3.9/site-packages/airflow/settings.py:194 DeprecationWarning: The sql_alchemy_conn option in [core] has been moved to the sql_alchemy_conn option in [database] - the old setting has been used, but please update your config.
[2024-10-10T09:27:59.134+0000] {task_command.py:423} INFO - Running <TaskInstance: spark_telco_churn_analysis_dag.spark_telco_churn_task manual__2024-10-10T09:27:26.955927+00:00 [running]> on host dataeng-airflow-scheduler
[2024-10-10T09:27:59.664+0000] {taskinstance.py:2510} INFO - Exporting env vars: AIRFLOW_CTX_DAG_OWNER='dibimbing' AIRFLOW_CTX_DAG_ID='spark_telco_churn_analysis_dag' AIRFLOW_CTX_TASK_ID='spark_telco_churn_task' AIRFLOW_CTX_EXECUTION_DATE='2024-10-10T09:27:26.955927+00:00' AIRFLOW_CTX_TRY_NUMBER='1' AIRFLOW_CTX_DAG_RUN_ID='manual__2024-10-10T09:27:26.955927+00:00'
[2024-10-10T09:27:59.777+0000] {base.py:83} INFO - Using connection ID 'spark_main' for task execution.
[2024-10-10T09:27:59.785+0000] {spark_submit.py:473} INFO - Spark-Submit cmd: spark-submit --master spark://dataeng-spark-master:7077 --packages org.postgresql:postgresql:42.2.18 --name arrow-spark /spark-scripts/spark-telco-churn-analysis.py
[2024-10-10T09:28:42.368+0000] {spark_submit.py:649} INFO - :: loading settings :: url = jar:file:/home/airflow/.local/lib/python3.9/site-packages/pyspark/jars/ivy-2.5.1.jar!/org/apache/ivy/core/settings/ivysettings.xml
[2024-10-10T09:28:49.043+0000] {spark_submit.py:649} INFO - Ivy Default Cache set to: /home/airflow/.ivy2/cache
[2024-10-10T09:28:49.095+0000] {spark_submit.py:649} INFO - The jars for the packages stored in: /home/airflow/.ivy2/jars
[2024-10-10T09:28:49.318+0000] {spark_submit.py:649} INFO - org.postgresql#postgresql added as a dependency
[2024-10-10T09:28:49.348+0000] {spark_submit.py:649} INFO - :: resolving dependencies :: org.apache.spark#spark-submit-parent-7f3f815a-06f0-4230-86b4-2f6373c24a67;1.0
[2024-10-10T09:28:49.410+0000] {spark_submit.py:649} INFO - confs: [default]
[2024-10-10T09:28:51.857+0000] {spark_submit.py:649} INFO - found org.postgresql#postgresql;42.2.18 in central
[2024-10-10T09:28:52.136+0000] {spark_submit.py:649} INFO - found org.checkerframework#checker-qual;3.5.0 in central
[2024-10-10T09:28:52.318+0000] {spark_submit.py:649} INFO - :: resolution report :: resolve 2949ms :: artifacts dl 48ms
[2024-10-10T09:28:52.368+0000] {spark_submit.py:649} INFO - :: modules in use:
[2024-10-10T09:28:52.385+0000] {spark_submit.py:649} INFO - org.checkerframework#checker-qual;3.5.0 from central in [default]
[2024-10-10T09:28:52.435+0000] {spark_submit.py:649} INFO - org.postgresql#postgresql;42.2.18 from central in [default]
[2024-10-10T09:28:52.451+0000] {spark_submit.py:649} INFO - ---------------------------------------------------------------------
[2024-10-10T09:28:52.468+0000] {spark_submit.py:649} INFO - |                  |            modules            ||   artifacts   |
[2024-10-10T09:28:52.484+0000] {spark_submit.py:649} INFO - |       conf       | number| search|dwnlded|evicted|| number|dwnlded|
[2024-10-10T09:28:52.517+0000] {spark_submit.py:649} INFO - ---------------------------------------------------------------------
[2024-10-10T09:28:52.543+0000] {spark_submit.py:649} INFO - |      default     |   2   |   0   |   0   |   0   ||   2   |   0   |
[2024-10-10T09:28:52.656+0000] {spark_submit.py:649} INFO - ---------------------------------------------------------------------
[2024-10-10T09:28:52.842+0000] {spark_submit.py:649} INFO - :: retrieving :: org.apache.spark#spark-submit-parent-7f3f815a-06f0-4230-86b4-2f6373c24a67
[2024-10-10T09:28:52.899+0000] {spark_submit.py:649} INFO - confs: [default]
[2024-10-10T09:28:53.157+0000] {spark_submit.py:649} INFO - 0 artifacts copied, 2 already retrieved (0kB/37ms)
[2024-10-10T09:28:56.463+0000] {spark_submit.py:649} INFO - 24/10/10 09:28:56 WARN NativeCodeLoader: Unable to load native-hadoop library for your platform... using builtin-java classes where applicable
[2024-10-10T09:29:04.574+0000] {spark_submit.py:649} INFO - 24/10/10 09:29:04 INFO SparkContext: Running Spark version 3.3.2
[2024-10-10T09:29:05.139+0000] {spark_submit.py:649} INFO - 24/10/10 09:29:05 INFO ResourceUtils: ==============================================================
[2024-10-10T09:29:05.157+0000] {spark_submit.py:649} INFO - 24/10/10 09:29:05 INFO ResourceUtils: No custom resources configured for spark.driver.
[2024-10-10T09:29:05.234+0000] {spark_submit.py:649} INFO - 24/10/10 09:29:05 INFO ResourceUtils: ==============================================================
[2024-10-10T09:29:05.277+0000] {spark_submit.py:649} INFO - 24/10/10 09:29:05 INFO SparkContext: Submitted application: Dibimbing
[2024-10-10T09:29:05.707+0000] {spark_submit.py:649} INFO - 24/10/10 09:29:05 INFO ResourceProfile: Default ResourceProfile created, executor resources: Map(cores -> name: cores, amount: 1, script: , vendor: , memory -> name: memory, amount: 1024, script: , vendor: , offHeap -> name: offHeap, amount: 0, script: , vendor: ), task resources: Map(cpus -> name: cpus, amount: 1.0)
[2024-10-10T09:29:05.824+0000] {spark_submit.py:649} INFO - 24/10/10 09:29:05 INFO ResourceProfile: Limiting resource is cpu
[2024-10-10T09:29:05.838+0000] {spark_submit.py:649} INFO - 24/10/10 09:29:05 INFO ResourceProfileManager: Added ResourceProfile id: 0
[2024-10-10T09:29:06.332+0000] {spark_submit.py:649} INFO - 24/10/10 09:29:06 INFO SecurityManager: Changing view acls to: airflow
[2024-10-10T09:29:06.347+0000] {spark_submit.py:649} INFO - 24/10/10 09:29:06 INFO SecurityManager: Changing modify acls to: airflow
[2024-10-10T09:29:06.364+0000] {spark_submit.py:649} INFO - 24/10/10 09:29:06 INFO SecurityManager: Changing view acls groups to:
[2024-10-10T09:29:06.380+0000] {spark_submit.py:649} INFO - 24/10/10 09:29:06 INFO SecurityManager: Changing modify acls groups to:
[2024-10-10T09:29:06.397+0000] {spark_submit.py:649} INFO - 24/10/10 09:29:06 INFO SecurityManager: SecurityManager: authentication disabled; ui acls disabled; users  with view permissions: Set(airflow); groups with view permissions: Set(); users  with modify permissions: Set(airflow); groups with modify permissions: Set()
[2024-10-10T09:29:19.277+0000] {spark_submit.py:649} INFO - 24/10/10 09:29:19 INFO Utils: Successfully started service 'sparkDriver' on port 44437.
[2024-10-10T09:29:26.358+0000] {spark_submit.py:649} INFO - 24/10/10 09:29:26 INFO SparkEnv: Registering MapOutputTracker
[2024-10-10T09:29:33.347+0000] {spark_submit.py:649} INFO - 24/10/10 09:29:33 INFO SparkEnv: Registering BlockManagerMaster
[2024-10-10T09:29:33.522+0000] {spark_submit.py:649} INFO - 24/10/10 09:29:33 INFO BlockManagerMasterEndpoint: Using org.apache.spark.storage.DefaultTopologyMapper for getting topology information
[2024-10-10T09:29:33.540+0000] {spark_submit.py:649} INFO - 24/10/10 09:29:33 INFO BlockManagerMasterEndpoint: BlockManagerMasterEndpoint up
[2024-10-10T09:29:33.726+0000] {spark_submit.py:649} INFO - 24/10/10 09:29:33 INFO SparkEnv: Registering BlockManagerMasterHeartbeat
[2024-10-10T09:29:34.261+0000] {spark_submit.py:649} INFO - 24/10/10 09:29:34 INFO DiskBlockManager: Created local directory at /tmp/blockmgr-576d1f5b-94e5-437c-afd8-5d1a31bd49b7
[2024-10-10T09:29:34.736+0000] {spark_submit.py:649} INFO - 24/10/10 09:29:34 INFO MemoryStore: MemoryStore started with capacity 434.4 MiB
[2024-10-10T09:29:36.011+0000] {spark_submit.py:649} INFO - 24/10/10 09:29:35 INFO SparkEnv: Registering OutputCommitCoordinator
[2024-10-10T09:29:44.365+0000] {spark_submit.py:649} INFO - 24/10/10 09:29:44 INFO Utils: Successfully started service 'SparkUI' on port 4040.
[2024-10-10T09:29:45.744+0000] {spark_submit.py:649} INFO - 24/10/10 09:29:45 INFO SparkContext: Added JAR file:///home/airflow/.ivy2/jars/org.postgresql_postgresql-42.2.18.jar at spark://dataeng-airflow-scheduler:44437/jars/org.postgresql_postgresql-42.2.18.jar with timestamp 1728552544460
[2024-10-10T09:29:45.746+0000] {spark_submit.py:649} INFO - 24/10/10 09:29:45 INFO SparkContext: Added JAR file:///home/airflow/.ivy2/jars/org.checkerframework_checker-qual-3.5.0.jar at spark://dataeng-airflow-scheduler:44437/jars/org.checkerframework_checker-qual-3.5.0.jar with timestamp 1728552544460
[2024-10-10T09:29:45.777+0000] {spark_submit.py:649} INFO - 24/10/10 09:29:45 INFO SparkContext: Added file file:///home/airflow/.ivy2/jars/org.postgresql_postgresql-42.2.18.jar at file:///home/airflow/.ivy2/jars/org.postgresql_postgresql-42.2.18.jar with timestamp 1728552544460
[2024-10-10T09:29:45.812+0000] {spark_submit.py:649} INFO - 24/10/10 09:29:45 INFO Utils: Copying /home/airflow/.ivy2/jars/org.postgresql_postgresql-42.2.18.jar to /tmp/spark-51691397-248d-4a7e-b14f-cbbe74545b65/userFiles-ec126b2a-b369-44dd-aa8e-7f074400e3d3/org.postgresql_postgresql-42.2.18.jar
[2024-10-10T09:29:46.359+0000] {spark_submit.py:649} INFO - 24/10/10 09:29:46 INFO SparkContext: Added file file:///home/airflow/.ivy2/jars/org.checkerframework_checker-qual-3.5.0.jar at file:///home/airflow/.ivy2/jars/org.checkerframework_checker-qual-3.5.0.jar with timestamp 1728552544460
[2024-10-10T09:29:46.362+0000] {spark_submit.py:649} INFO - 24/10/10 09:29:46 INFO Utils: Copying /home/airflow/.ivy2/jars/org.checkerframework_checker-qual-3.5.0.jar to /tmp/spark-51691397-248d-4a7e-b14f-cbbe74545b65/userFiles-ec126b2a-b369-44dd-aa8e-7f074400e3d3/org.checkerframework_checker-qual-3.5.0.jar
[2024-10-10T09:29:47.308+0000] {spark_submit.py:649} INFO - 24/10/10 09:29:47 INFO Executor: Starting executor ID driver on host dataeng-airflow-scheduler
[2024-10-10T09:29:47.344+0000] {spark_submit.py:649} INFO - 24/10/10 09:29:47 INFO Executor: Starting executor with user classpath (userClassPathFirst = false): ''
[2024-10-10T09:29:47.446+0000] {spark_submit.py:649} INFO - 24/10/10 09:29:47 INFO Executor: Fetching file:///home/airflow/.ivy2/jars/org.postgresql_postgresql-42.2.18.jar with timestamp 1728552544460
[2024-10-10T09:29:47.565+0000] {spark_submit.py:649} INFO - 24/10/10 09:29:47 INFO Utils: /home/airflow/.ivy2/jars/org.postgresql_postgresql-42.2.18.jar has been previously copied to /tmp/spark-51691397-248d-4a7e-b14f-cbbe74545b65/userFiles-ec126b2a-b369-44dd-aa8e-7f074400e3d3/org.postgresql_postgresql-42.2.18.jar
[2024-10-10T09:29:47.701+0000] {spark_submit.py:649} INFO - 24/10/10 09:29:47 INFO Executor: Fetching file:///home/airflow/.ivy2/jars/org.checkerframework_checker-qual-3.5.0.jar with timestamp 1728552544460
[2024-10-10T09:29:47.717+0000] {spark_submit.py:649} INFO - 24/10/10 09:29:47 INFO Utils: /home/airflow/.ivy2/jars/org.checkerframework_checker-qual-3.5.0.jar has been previously copied to /tmp/spark-51691397-248d-4a7e-b14f-cbbe74545b65/userFiles-ec126b2a-b369-44dd-aa8e-7f074400e3d3/org.checkerframework_checker-qual-3.5.0.jar
[2024-10-10T09:29:47.796+0000] {spark_submit.py:649} INFO - 24/10/10 09:29:47 INFO Executor: Fetching spark://dataeng-airflow-scheduler:44437/jars/org.postgresql_postgresql-42.2.18.jar with timestamp 1728552544460
[2024-10-10T09:29:48.040+0000] {spark_submit.py:649} INFO - 24/10/10 09:29:48 INFO TransportClientFactory: Successfully created connection to dataeng-airflow-scheduler/172.18.0.2:44437 after 187 ms (0 ms spent in bootstraps)
[2024-10-10T09:29:48.154+0000] {spark_submit.py:649} INFO - 24/10/10 09:29:48 INFO Utils: Fetching spark://dataeng-airflow-scheduler:44437/jars/org.postgresql_postgresql-42.2.18.jar to /tmp/spark-51691397-248d-4a7e-b14f-cbbe74545b65/userFiles-ec126b2a-b369-44dd-aa8e-7f074400e3d3/fetchFileTemp17242899645844978003.tmp
[2024-10-10T09:29:48.301+0000] {spark_submit.py:649} INFO - 24/10/10 09:29:48 INFO Utils: /tmp/spark-51691397-248d-4a7e-b14f-cbbe74545b65/userFiles-ec126b2a-b369-44dd-aa8e-7f074400e3d3/fetchFileTemp17242899645844978003.tmp has been previously copied to /tmp/spark-51691397-248d-4a7e-b14f-cbbe74545b65/userFiles-ec126b2a-b369-44dd-aa8e-7f074400e3d3/org.postgresql_postgresql-42.2.18.jar
[2024-10-10T09:29:48.543+0000] {spark_submit.py:649} INFO - 24/10/10 09:29:48 INFO Executor: Adding file:/tmp/spark-51691397-248d-4a7e-b14f-cbbe74545b65/userFiles-ec126b2a-b369-44dd-aa8e-7f074400e3d3/org.postgresql_postgresql-42.2.18.jar to class loader
[2024-10-10T09:29:48.546+0000] {spark_submit.py:649} INFO - 24/10/10 09:29:48 INFO Executor: Fetching spark://dataeng-airflow-scheduler:44437/jars/org.checkerframework_checker-qual-3.5.0.jar with timestamp 1728552544460
[2024-10-10T09:29:48.558+0000] {spark_submit.py:649} INFO - 24/10/10 09:29:48 INFO Utils: Fetching spark://dataeng-airflow-scheduler:44437/jars/org.checkerframework_checker-qual-3.5.0.jar to /tmp/spark-51691397-248d-4a7e-b14f-cbbe74545b65/userFiles-ec126b2a-b369-44dd-aa8e-7f074400e3d3/fetchFileTemp17034540620009449259.tmp
[2024-10-10T09:29:48.560+0000] {spark_submit.py:649} INFO - 24/10/10 09:29:48 INFO Utils: /tmp/spark-51691397-248d-4a7e-b14f-cbbe74545b65/userFiles-ec126b2a-b369-44dd-aa8e-7f074400e3d3/fetchFileTemp17034540620009449259.tmp has been previously copied to /tmp/spark-51691397-248d-4a7e-b14f-cbbe74545b65/userFiles-ec126b2a-b369-44dd-aa8e-7f074400e3d3/org.checkerframework_checker-qual-3.5.0.jar
[2024-10-10T09:29:48.981+0000] {spark_submit.py:649} INFO - 24/10/10 09:29:48 INFO Executor: Adding file:/tmp/spark-51691397-248d-4a7e-b14f-cbbe74545b65/userFiles-ec126b2a-b369-44dd-aa8e-7f074400e3d3/org.checkerframework_checker-qual-3.5.0.jar to class loader
[2024-10-10T09:29:49.050+0000] {spark_submit.py:649} INFO - 24/10/10 09:29:49 INFO Utils: Successfully started service 'org.apache.spark.network.netty.NettyBlockTransferService' on port 38423.
[2024-10-10T09:29:49.063+0000] {spark_submit.py:649} INFO - 24/10/10 09:29:49 INFO NettyBlockTransferService: Server created on dataeng-airflow-scheduler:38423
[2024-10-10T09:29:49.081+0000] {spark_submit.py:649} INFO - 24/10/10 09:29:49 INFO BlockManager: Using org.apache.spark.storage.RandomBlockReplicationPolicy for block replication policy
[2024-10-10T09:29:49.107+0000] {spark_submit.py:649} INFO - 24/10/10 09:29:49 INFO BlockManagerMaster: Registering BlockManager BlockManagerId(driver, dataeng-airflow-scheduler, 38423, None)
[2024-10-10T09:29:49.299+0000] {spark_submit.py:649} INFO - 24/10/10 09:29:49 INFO BlockManagerMasterEndpoint: Registering block manager dataeng-airflow-scheduler:38423 with 434.4 MiB RAM, BlockManagerId(driver, dataeng-airflow-scheduler, 38423, None)
[2024-10-10T09:29:49.313+0000] {spark_submit.py:649} INFO - 24/10/10 09:29:49 INFO BlockManagerMaster: Registered BlockManager BlockManagerId(driver, dataeng-airflow-scheduler, 38423, None)
[2024-10-10T09:29:49.329+0000] {spark_submit.py:649} INFO - 24/10/10 09:29:49 INFO BlockManager: Initialized BlockManager: BlockManagerId(driver, dataeng-airflow-scheduler, 38423, None)
[2024-10-10T09:30:08.594+0000] {spark_submit.py:649} INFO - SparkSession created successfully.
[2024-10-10T09:30:08.640+0000] {spark_submit.py:649} INFO - jdbc:postgresql://dataeng-postgres/warehouse
[2024-10-10T09:30:08.647+0000] {spark_submit.py:649} INFO - {'user': 'user', '***': '***', 'driver': 'org.postgresql.Driver', 'stringtype': 'unspecified'}
[2024-10-10T09:32:28.652+0000] {spark_submit.py:649} INFO - Data loaded successfully from PostgreSQL.
[2024-10-10T09:32:30.127+0000] {spark_submit.py:649} INFO - Distribusi Pelanggan Berdasarkan Gender:
[2024-10-10T09:33:33.896+0000] {spark_submit.py:649} INFO - +------+-----+
[2024-10-10T09:33:33.900+0000] {spark_submit.py:649} INFO - |gender|count|
[2024-10-10T09:33:33.931+0000] {spark_submit.py:649} INFO - +------+-----+
[2024-10-10T09:33:33.932+0000] {spark_submit.py:649} INFO - |  Male| 3555|
[2024-10-10T09:33:33.933+0000] {spark_submit.py:649} INFO - |Female| 3488|
[2024-10-10T09:33:33.967+0000] {spark_submit.py:649} INFO - +------+-----+
[2024-10-10T09:33:33.999+0000] {spark_submit.py:649} INFO - 
[2024-10-10T09:33:45.958+0000] {spark_submit.py:649} INFO - Churn Berdasarkan Internet Service:
[2024-10-10T09:36:57.878+0000] {spark_submit.py:649} INFO - +---------------+---------------------+--------------+-------------------+
[2024-10-10T09:36:59.123+0000] {spark_submit.py:649} INFO - |InternetService|TotalChurnedCustomers|TotalCustomers|          ChurnRate|
[2024-10-10T09:36:59.150+0000] {spark_submit.py:649} INFO - +---------------+---------------------+--------------+-------------------+
[2024-10-10T09:36:59.151+0000] {spark_submit.py:649} INFO - |    Fiber optic|                 1297|          3096| 0.4189276485788114|
[2024-10-10T09:36:59.153+0000] {spark_submit.py:649} INFO - |            DSL|                  459|          2421| 0.1895910780669145|
[2024-10-10T09:36:59.154+0000] {spark_submit.py:649} INFO - |             No|                  113|          1526|0.07404980340760157|
[2024-10-10T09:36:59.156+0000] {spark_submit.py:649} INFO - +---------------+---------------------+--------------+-------------------+
[2024-10-10T09:36:59.168+0000] {spark_submit.py:649} INFO - 
[2024-10-10T09:36:59.871+0000] {spark_submit.py:649} INFO - Churn Berdasarkan Contract Type:
[2024-10-10T09:37:24.081+0000] {spark_submit.py:649} INFO - +--------------+---------------------+--------------+-------------------+
[2024-10-10T09:37:24.102+0000] {spark_submit.py:649} INFO - |      Contract|TotalChurnedCustomers|TotalCustomers|          ChurnRate|
[2024-10-10T09:37:24.132+0000] {spark_submit.py:649} INFO - +--------------+---------------------+--------------+-------------------+
[2024-10-10T09:37:24.159+0000] {spark_submit.py:649} INFO - |Month-to-month|                 1655|          3875| 0.4270967741935484|
[2024-10-10T09:37:24.179+0000] {spark_submit.py:649} INFO - |      One year|                  166|          1473|0.11269517990495587|
[2024-10-10T09:37:24.193+0000] {spark_submit.py:649} INFO - |      Two year|                   48|          1695|0.02831858407079646|
[2024-10-10T09:37:24.288+0000] {spark_submit.py:649} INFO - +--------------+---------------------+--------------+-------------------+
[2024-10-10T09:37:24.289+0000] {spark_submit.py:649} INFO - 
[2024-10-10T09:37:31.361+0000] {spark_submit.py:649} INFO - Rata-rata Monthly Charges Berdasarkan Contract Type:
[2024-10-10T09:37:37.113+0000] {spark_submit.py:649} INFO - +--------------+-----------------+
[2024-10-10T09:37:37.126+0000] {spark_submit.py:649} INFO - |      Contract|AvgMonthlyCharges|
[2024-10-10T09:37:37.127+0000] {spark_submit.py:649} INFO - +--------------+-----------------+
[2024-10-10T09:37:37.128+0000] {spark_submit.py:649} INFO - |Month-to-month|66.39849032258037|
[2024-10-10T09:37:37.129+0000] {spark_submit.py:649} INFO - |      One year|65.04860828241674|
[2024-10-10T09:37:37.129+0000] {spark_submit.py:649} INFO - |      Two year|  60.770412979351|
[2024-10-10T09:37:37.132+0000] {spark_submit.py:649} INFO - +--------------+-----------------+
[2024-10-10T09:37:37.132+0000] {spark_submit.py:649} INFO - 
[2024-10-10T09:37:40.613+0000] {spark_submit.py:649} INFO - Churn Berdasarkan Tenure:
[2024-10-10T09:38:05.764+0000] {spark_submit.py:649} INFO - +------+---------------------+--------------+-------------------+
[2024-10-10T09:38:05.779+0000] {spark_submit.py:649} INFO - |tenure|TotalChurnedCustomers|TotalCustomers|          ChurnRate|
[2024-10-10T09:38:05.795+0000] {spark_submit.py:649} INFO - +------+---------------------+--------------+-------------------+
[2024-10-10T09:38:05.805+0000] {spark_submit.py:649} INFO - |     0|                    0|            11|                0.0|
[2024-10-10T09:38:05.821+0000] {spark_submit.py:649} INFO - |     1|                  380|           613| 0.6199021207177814|
[2024-10-10T09:38:05.840+0000] {spark_submit.py:649} INFO - |     2|                  123|           238| 0.5168067226890757|
[2024-10-10T09:38:05.851+0000] {spark_submit.py:649} INFO - |     3|                   94|           200|               0.47|
[2024-10-10T09:38:05.858+0000] {spark_submit.py:649} INFO - |     4|                   83|           176| 0.4715909090909091|
[2024-10-10T09:38:05.883+0000] {spark_submit.py:649} INFO - |     5|                   64|           133|0.48120300751879697|
[2024-10-10T09:38:05.906+0000] {spark_submit.py:649} INFO - |     6|                   40|           110|0.36363636363636365|
[2024-10-10T09:38:05.936+0000] {spark_submit.py:649} INFO - |     7|                   51|           131| 0.3893129770992366|
[2024-10-10T09:38:05.972+0000] {spark_submit.py:649} INFO - |     8|                   42|           123|0.34146341463414637|
[2024-10-10T09:38:05.989+0000] {spark_submit.py:649} INFO - |     9|                   46|           119| 0.3865546218487395|
[2024-10-10T09:38:05.991+0000] {spark_submit.py:649} INFO - |    10|                   45|           116| 0.3879310344827586|
[2024-10-10T09:38:06.004+0000] {spark_submit.py:649} INFO - |    11|                   31|            99|0.31313131313131315|
[2024-10-10T09:38:06.051+0000] {spark_submit.py:649} INFO - |    12|                   38|           117| 0.3247863247863248|
[2024-10-10T09:38:06.123+0000] {spark_submit.py:649} INFO - |    13|                   38|           109| 0.3486238532110092|
[2024-10-10T09:38:06.204+0000] {spark_submit.py:649} INFO - |    14|                   24|            76| 0.3157894736842105|
[2024-10-10T09:38:06.241+0000] {spark_submit.py:649} INFO - |    15|                   37|            99|0.37373737373737376|
[2024-10-10T09:38:06.303+0000] {spark_submit.py:649} INFO - |    16|                   28|            80|               0.35|
[2024-10-10T09:38:06.319+0000] {spark_submit.py:649} INFO - |    17|                   26|            87| 0.2988505747126437|
[2024-10-10T09:38:06.399+0000] {spark_submit.py:649} INFO - |    18|                   24|            97|0.24742268041237114|
[2024-10-10T09:38:06.450+0000] {spark_submit.py:649} INFO - |    19|                   19|            73| 0.2602739726027397|
[2024-10-10T09:38:06.502+0000] {spark_submit.py:649} INFO - +------+---------------------+--------------+-------------------+
[2024-10-10T09:38:06.517+0000] {spark_submit.py:649} INFO - only showing top 20 rows
[2024-10-10T09:38:06.569+0000] {spark_submit.py:649} INFO - 
[2024-10-10T09:38:06.608+0000] {spark_submit.py:649} INFO - Distribusi Pelanggan Berdasarkan Metode Pembayaran:
[2024-10-10T09:38:09.062+0000] {spark_submit.py:649} INFO - +--------------------+-----+
[2024-10-10T09:38:09.072+0000] {spark_submit.py:649} INFO - |       PaymentMethod|count|
[2024-10-10T09:38:09.084+0000] {spark_submit.py:649} INFO - +--------------------+-----+
[2024-10-10T09:38:09.116+0000] {spark_submit.py:649} INFO - |    Electronic check| 2365|
[2024-10-10T09:38:09.132+0000] {spark_submit.py:649} INFO - |        Mailed check| 1612|
[2024-10-10T09:38:09.190+0000] {spark_submit.py:649} INFO - |Bank transfer (au...| 1544|
[2024-10-10T09:38:09.237+0000] {spark_submit.py:649} INFO - |Credit card (auto...| 1522|
[2024-10-10T09:38:09.253+0000] {spark_submit.py:649} INFO - +--------------------+-----+
[2024-10-10T09:38:09.269+0000] {spark_submit.py:649} INFO - 
[2024-10-10T09:38:09.600+0000] {spark_submit.py:649} INFO - Rata-rata Total Charges Berdasarkan Senior Citizen:
[2024-10-10T09:38:13.682+0000] {spark_submit.py:649} INFO - +-------------+------------------+
[2024-10-10T09:38:13.700+0000] {spark_submit.py:649} INFO - |SeniorCitizen|   AvgTotalCharges|
[2024-10-10T09:38:13.701+0000] {spark_submit.py:649} INFO - +-------------+------------------+
[2024-10-10T09:38:13.760+0000] {spark_submit.py:649} INFO - |            1|2810.4651926444826|
[2024-10-10T09:38:13.806+0000] {spark_submit.py:649} INFO - |            0| 2177.023801050675|
[2024-10-10T09:38:13.824+0000] {spark_submit.py:649} INFO - +-------------+------------------+
[2024-10-10T09:38:13.833+0000] {spark_submit.py:649} INFO - 
[2024-10-10T09:39:38.110+0000] {spark_submit.py:649} INFO - Results successfully saved to CSV files in results directory.
[2024-10-10T09:39:40.168+0000] {spark_submit.py:649} INFO - Spark session stopped successfully.
[2024-10-10T09:39:42.555+0000] {taskinstance.py:1149} INFO - Marking task as SUCCESS. dag_id=spark_telco_churn_analysis_dag, task_id=spark_telco_churn_task, execution_date=20241010T092726, start_date=20241010T092754, end_date=20241010T093942
[2024-10-10T09:39:42.932+0000] {local_task_job_runner.py:234} INFO - Task exited with return code 0
[2024-10-10T09:39:43.249+0000] {taskinstance.py:3309} INFO - 0 downstream tasks scheduled from follow-on schedule check
